// These logs are created by winston and the logger method. They are used to help debug the problem if there was with the server
{"message":"Unauthorized request to path: /","level":"error"}
{"message":"Card with id 2 not found.","level":"error"}
{"message":"Title is required","level":"error"}
{"message":"Card with id 2 not found.","level":"error"}
{"message":"Title is required","level":"error"}
{"message":"Title is required","level":"error"}
{"message":"Title is required","level":"error"}
{"message":"Title is required","level":"error"}
{"message":"Card with id 5f45f0c7-4389-45d1-b9be-a507c6dba63b created","level":"info"}
{"message":"Card with id 3e8d065d-fa2f-4f88-be06-0655491766d4 not found.","level":"error"}
{"message":"Card with id 3e8d065d-fa2f-4f88-be06-0655491766d4 not found.","level":"error"}
{"message":"Card with id 3e8d065d-fa2f-4f88-be06-0655491766d4 not found.","level":"error"}
{"message":"Title is required","level":"error"}
{"message":"Title is required","level":"error"}
{"message":"Card with id ddbea41d-c500-42db-915d-a1be104e30a1 created","level":"info"}
{"message":"Card with id 2 not found.","level":"error"}
{"message":"Card with id 2 deleted.","level":"info"}
{"message":"Card with id 2 not found.","level":"error"}
{"message":"List with id 2 deleted.","level":"info"}
{"message":"List with id 2 not found.","level":"error"}
{"message":"Header is required","level":"error"}
{"message":"List with id 32770b2b-ca9f-4d47-99f0-49604d9232e9 created","level":"info"}
{"message":"Card with id 8 not found in cards array.","level":"error"}
{"message":"Card with id 39 not found in cards array.","level":"error"}
{"message":"Card with id 5 not found in cards array.","level":"error"}
{"message":"Title is required","level":"error"}
{"message":"Title is required","level":"error"}
{"message":"Card with id f55ab38e-e913-4f80-91e7-419ad64bd657 created","level":"info"}
